<?xml version="1.0" encoding="UTF-8"?>
<!-- Generated by org.testng.reporters.JUnitReportReporter -->
<testsuite hostname="LAPTOP-6M11SU0V" name="testcases.Test_BillPaymentService" tests="1" failures="0" timestamp="31 Jul 2021 16:38:17 GMT" time="1.958" errors="0">
  <testcase name="BillPaymentService" time="1.958" classname="testcases.Test_BillPaymentService"/>
</testsuite> <!-- testcases.Test_BillPaymentService -->
