<?xml version="1.0" encoding="UTF-8"?>
<!-- Generated by org.testng.reporters.JUnitReportReporter -->
<testsuite hostname="LAPTOP-6M11SU0V" name="testcases.Test_login" tests="1" failures="0" timestamp="29 Jul 2021 21:00:21 GMT" time="8.941" errors="0">
  <testcase name="login" time="8.941" classname="testcases.Test_login"/>
</testsuite> <!-- testcases.Test_login -->
